make[2]: Entering directory `/h/u1/zingard/new209/shlab/src'
make[2]: Warning: File `Makefile' has modification time 2.5 s in the future
./sdriver.pl -t trace01.txt -s ./tsh -a "-p"
#
# trace01.txt - Properly terminate on EOF.
#
./sdriver.pl -t trace02.txt -s ./tsh -a "-p"
#
# trace02.txt - Process builtin quit command.
#
tsh> quit
./sdriver.pl -t trace03.txt -s ./tsh -a "-p"
#
# trace03.txt - Run a foreground job.
#
tsh> ./myspin 1
./sdriver.pl -t trace04.txt -s ./tsh -a "-p"
#
# trace04.txt - Run a background job.
#
tsh> ./myspin 1 &
[1] (12744) ./myspin 1 &
./sdriver.pl -t trace05.txt -s ./tsh -a "-p"
#
# trace05.txt - Process jobs builtin command.
#
tsh> ./myspin 2 &
[1] (12749) ./myspin 2 &
tsh> ./myspin 3 &
[2] (12751) ./myspin 3 &
tsh> jobs
[1] (12749) Running ./myspin 2 &
[2] (12751) Running ./myspin 3 &
./sdriver.pl -t trace06.txt -s ./tsh -a "-p"
#
# trace06.txt - Forward SIGINT to foreground job.
#
tsh> ./myspin 4
Job [1] (12758) terminated by signal 2
./sdriver.pl -t trace07.txt -s ./tsh -a "-p"
#
# trace07.txt - Forward SIGINT only to foreground job.
#
tsh> ./myspin 4 &
[1] (12763) ./myspin 4 &
tsh> ./myspin 5
Job [2] (12765) terminated by signal 2
tsh> jobs
[1] (12763) Running ./myspin 4 &
./sdriver.pl -t trace08.txt -s ./tsh -a "-p"
#
# trace08.txt - Forward SIGTSTP only to foreground job.
#
tsh> ./myspin 4 &
[1] (12772) ./myspin 4 &
tsh> ./myspin 5
Job [2] (12774) stopped by signal 20
tsh> jobs
[1] (12772) Running ./myspin 4 &
[2] (12774) Stopped ./myspin 5 
./sdriver.pl -t trace09.txt -s ./tsh -a "-p"
#
# trace09.txt - Process bg builtin command
#
tsh> ./myspin 4 &
[1] (12781) ./myspin 4 &
tsh> ./myspin 5
Job [2] (12783) stopped by signal 20
tsh> jobs
[1] (12781) Running ./myspin 4 &
[2] (12783) Stopped ./myspin 5 
tsh> bg %2
[2] (12783) ./myspin 5 
tsh> jobs
[1] (12781) Running ./myspin 4 &
[2] (12783) Running ./myspin 5 
./sdriver.pl -t trace10.txt -s ./tsh -a "-p"
#
# trace10.txt - Process fg builtin command. 
#
tsh> ./myspin 4 &
[1] (12791) ./myspin 4 &
tsh> fg %1
Job [1] (12791) stopped by signal 20
tsh> jobs
[1] (12791) Stopped ./myspin 4 &
tsh> fg %1
tsh> jobs
./sdriver.pl -t trace11.txt -s ./tsh -a "-p"
#
# trace11.txt - Forward SIGINT to every process in foreground process group
#
tsh> ./mysplit 4
Job [1] (12800) terminated by signal 2
tsh> /bin/ps t
  PID TTY      STAT   TIME COMMAND
12720 pts/11   S+     0:00 make
12724 pts/11   S+     0:00 /bin/sh -c (cd src; make)
12725 pts/11   S+     0:00 make
12726 pts/11   S+     0:00 /bin/sh -c make tests > tshref.out 2>&1
12727 pts/11   S+     0:00 make tests
12796 pts/11   S+     0:00 /bin/sh -c ./sdriver.pl -t trace11.txt -s ./tsh -a "-p"
12797 pts/11   S+     0:00 /usr/bin/perl ./sdriver.pl -t trace11.txt -s ./tsh -a -p
12798 pts/11   S+     0:00 ./tsh -p
12803 pts/11   R      0:00 /bin/ps t
32462 pts/11   Ss     0:00 -bash
./sdriver.pl -t trace12.txt -s ./tsh -a "-p"
#
# trace12.txt - Forward SIGTSTP to every process in foreground process group
#
tsh> ./mysplit 4
Job [1] (12808) stopped by signal 20
tsh> jobs
[1] (12808) Stopped ./mysplit 4 
tsh> /bin/ps t
  PID TTY      STAT   TIME COMMAND
12720 pts/11   S+     0:00 make
12724 pts/11   S+     0:00 /bin/sh -c (cd src; make)
12725 pts/11   S+     0:00 make
12726 pts/11   S+     0:00 /bin/sh -c make tests > tshref.out 2>&1
12727 pts/11   S+     0:00 make tests
12804 pts/11   S+     0:00 /bin/sh -c ./sdriver.pl -t trace12.txt -s ./tsh -a "-p"
12805 pts/11   S+     0:00 /usr/bin/perl ./sdriver.pl -t trace12.txt -s ./tsh -a -p
12806 pts/11   S+     0:00 ./tsh -p
12808 pts/11   T      0:00 ./mysplit 4
12809 pts/11   T      0:00 ./mysplit 4
12812 pts/11   R      0:00 /bin/ps t
32462 pts/11   Ss     0:00 -bash
./sdriver.pl -t trace13.txt -s ./tsh -a "-p"
#
# trace13.txt - Restart every stopped process in process group
#
tsh> ./mysplit 4
Job [1] (12817) stopped by signal 20
tsh> jobs
[1] (12817) Stopped ./mysplit 4 
tsh> /bin/ps t
  PID TTY      STAT   TIME COMMAND
12720 pts/11   S+     0:00 make
12724 pts/11   S+     0:00 /bin/sh -c (cd src; make)
12725 pts/11   S+     0:00 make
12726 pts/11   S+     0:00 /bin/sh -c make tests > tshref.out 2>&1
12727 pts/11   S+     0:00 make tests
12813 pts/11   S+     0:00 /bin/sh -c ./sdriver.pl -t trace13.txt -s ./tsh -a "-p"
12814 pts/11   S+     0:00 /usr/bin/perl ./sdriver.pl -t trace13.txt -s ./tsh -a -p
12815 pts/11   S+     0:00 ./tsh -p
12817 pts/11   T      0:00 ./mysplit 4
12818 pts/11   T      0:00 ./mysplit 4
12821 pts/11   R      0:00 /bin/ps t
32462 pts/11   Ss     0:00 -bash
tsh> fg %1
tsh> /bin/ps t
  PID TTY      STAT   TIME COMMAND
12720 pts/11   S+     0:00 make
12724 pts/11   S+     0:00 /bin/sh -c (cd src; make)
12725 pts/11   S+     0:00 make
12726 pts/11   S+     0:00 /bin/sh -c make tests > tshref.out 2>&1
12727 pts/11   S+     0:00 make tests
12813 pts/11   S+     0:00 /bin/sh -c ./sdriver.pl -t trace13.txt -s ./tsh -a "-p"
12814 pts/11   S+     0:00 /usr/bin/perl ./sdriver.pl -t trace13.txt -s ./tsh -a -p
12815 pts/11   S+     0:00 ./tsh -p
12824 pts/11   R      0:00 /bin/ps t
32462 pts/11   Ss     0:00 -bash
./sdriver.pl -t trace14.txt -s ./tsh -a "-p"
#
# trace14.txt - Simple error handling
#
tsh> ./bogus
./bogus: Command not found
tsh> ./myspin 4 &
[1] (12831) ./myspin 4 &
tsh> fg
fg command requires PID or %jid argument
tsh> bg
bg command requires PID or %jid argument
tsh> fg a
fg: argument must be a PID or %jid
tsh> bg a
bg: argument must be a PID or %jid
tsh> fg 9999999
(9999999): No such process
tsh> bg 9999999
(9999999): No such process
tsh> fg %2
%2: No such job
tsh> fg %1
Job [1] (12831) stopped by signal 20
tsh> bg %2
%2: No such job
tsh> bg %1
[1] (12831) ./myspin 4 &
tsh> jobs
[1] (12831) Running ./myspin 4 &
./sdriver.pl -t trace15.txt -s ./tsh -a "-p"
#
# trace15.txt - Putting it all together
#
tsh> ./bogus
./bogus: Command not found
tsh> ./myspin 10
Job [1] (12849) terminated by signal 2
tsh> ./myspin 3 &
[1] (12851) ./myspin 3 &
tsh> ./myspin 4 &
[2] (12853) ./myspin 4 &
tsh> jobs
[1] (12851) Running ./myspin 3 &
[2] (12853) Running ./myspin 4 &
tsh> fg %1
Job [1] (12851) stopped by signal 20
tsh> jobs
[1] (12851) Stopped ./myspin 3 &
[2] (12853) Running ./myspin 4 &
tsh> bg %3
%3: No such job
tsh> bg %1
[1] (12851) ./myspin 3 &
tsh> jobs
[1] (12851) Running ./myspin 3 &
[2] (12853) Running ./myspin 4 &
tsh> fg %1
tsh> quit
./sdriver.pl -t trace16.txt -s ./tsh -a "-p"
#
# trace16.txt - Tests whether the shell can handle SIGTSTP and SIGINT
#     signals that come from other processes instead of the terminal.
#
tsh> ./mystop 2
Job [1] (12866) stopped by signal 20
tsh> jobs
[1] (12866) Stopped ./mystop 2
tsh> ./myint 2
Job [2] (12869) terminated by signal 2
./sdriver.pl -t trace17.txt -s ./tsh -a "-p"
#
# trace17.txt - Tests whether the shell can handle I/O redirection
#
tsh> /bin/echo hello > outfile
tsh> /bin/cat < outfile
hello
make[2]: warning:  Clock skew detected.  Your build may be incomplete.
make[2]: Leaving directory `/h/u1/zingard/new209/shlab/src'
